<?xml version="1.0" encoding="UTF-8"?>
<!-- Generated by org.testng.reporters.JUnitReportReporter -->
<testsuite skipped="0" hostname="DESKTOP-MQV1IHN" name="script.ValidLogin" tests="1" failures="0" timestamp="14 Mar 2021 11:43:35 GMT" time="45.351" errors="0">
  <testcase name="testvalidLogin" time="45.351" classname="script.ValidLogin"/>
</testsuite> <!-- script.ValidLogin -->
