<?xml version="1.0" encoding="UTF-8"?>
<!-- Generated by org.testng.reporters.JUnitReportReporter -->
<testsuite skipped="0" hostname="DESKTOP-MQV1IHN" name="script.InvalidLogin" tests="1" failures="0" timestamp="14 Mar 2021 11:42:31 GMT" time="36.606" errors="0">
  <testcase name="testInvalidLogin" time="36.606" classname="script.InvalidLogin"/>
</testsuite> <!-- script.InvalidLogin -->
